Build output check failed:
    Regex: 'command line option .* is valid for .* but not for C\+\+'
    Output line: 'cc1plus: warning: command line option ‘-Wmissing-prototypes’ is valid for C/ObjC but not for C++'
Compilation failed:
    source file: '/home/js/ImageTrack/build/CMakeFiles/CMakeTmp/src.cxx'
    check option: ' -fsigned-char -W -Wall -Werror=return-type -Werror=non-virtual-dtor -Werror=address -Werror=sequence-point -Wformat -Werror=format-security -Wmissing-declarations  -Wmissing-prototypes'
===== BUILD LOG =====
Change Dir: /home/js/ImageTrack/build/CMakeFiles/CMakeTmp

Run Build Command:"/usr/bin/make" "cmTC_d1b16/fast"
/usr/bin/make -f CMakeFiles/cmTC_d1b16.dir/build.make CMakeFiles/cmTC_d1b16.dir/build
make[1]: Entering directory '/home/js/ImageTrack/build/CMakeFiles/CMakeTmp'
Building CXX object CMakeFiles/cmTC_d1b16.dir/src.cxx.o
/usr/bin/c++     -O3 -DNDEBUG   -fsigned-char -W -Wall -Werror=return-type -Werror=non-virtual-dtor -Werror=address -Werror=sequence-point -Wformat -Werror=format-security -Wmissing-declarations -Wmissing-prototypes -o CMakeFiles/cmTC_d1b16.dir/src.cxx.o -c /home/js/ImageTrack/build/CMakeFiles/CMakeTmp/src.cxx
cc1plus: warning: command line option ‘-Wmissing-prototypes’ is valid for C/ObjC but not for C++
/home/js/ImageTrack/build/CMakeFiles/CMakeTmp/src.cxx:1:0: warning: ignoring #pragma   [-Wunknown-pragmas]
 #pragma
 ^
Linking CXX executable cmTC_d1b16
/usr/bin/cmake -E cmake_link_script CMakeFiles/cmTC_d1b16.dir/link.txt --verbose=1
/usr/bin/c++     -O3 -DNDEBUG    CMakeFiles/cmTC_d1b16.dir/src.cxx.o  -o cmTC_d1b16 -rdynamic 
make[1]: Leaving directory '/home/js/ImageTrack/build/CMakeFiles/CMakeTmp'

===== END =====

Build output check failed:
    Regex: 'command line option .* is valid for .* but not for C\+\+'
    Output line: 'cc1plus: warning: command line option ‘-Wstrict-prototypes’ is valid for C/ObjC but not for C++'
Compilation failed:
    source file: '/home/js/ImageTrack/build/CMakeFiles/CMakeTmp/src.cxx'
    check option: ' -fsigned-char -W -Wall -Werror=return-type -Werror=non-virtual-dtor -Werror=address -Werror=sequence-point -Wformat -Werror=format-security -Wmissing-declarations  -Wstrict-prototypes'
===== BUILD LOG =====
Change Dir: /home/js/ImageTrack/build/CMakeFiles/CMakeTmp

Run Build Command:"/usr/bin/make" "cmTC_3279d/fast"
/usr/bin/make -f CMakeFiles/cmTC_3279d.dir/build.make CMakeFiles/cmTC_3279d.dir/build
make[1]: Entering directory '/home/js/ImageTrack/build/CMakeFiles/CMakeTmp'
Building CXX object CMakeFiles/cmTC_3279d.dir/src.cxx.o
/usr/bin/c++     -O3 -DNDEBUG   -fsigned-char -W -Wall -Werror=return-type -Werror=non-virtual-dtor -Werror=address -Werror=sequence-point -Wformat -Werror=format-security -Wmissing-declarations -Wstrict-prototypes -o CMakeFiles/cmTC_3279d.dir/src.cxx.o -c /home/js/ImageTrack/build/CMakeFiles/CMakeTmp/src.cxx
cc1plus: warning: command line option ‘-Wstrict-prototypes’ is valid for C/ObjC but not for C++
/home/js/ImageTrack/build/CMakeFiles/CMakeTmp/src.cxx:1:0: warning: ignoring #pragma   [-Wunknown-pragmas]
 #pragma
 ^
Linking CXX executable cmTC_3279d
/usr/bin/cmake -E cmake_link_script CMakeFiles/cmTC_3279d.dir/link.txt --verbose=1
/usr/bin/c++     -O3 -DNDEBUG    CMakeFiles/cmTC_3279d.dir/src.cxx.o  -o cmTC_3279d -rdynamic 
make[1]: Leaving directory '/home/js/ImageTrack/build/CMakeFiles/CMakeTmp'

===== END =====

Build output check failed:
    Regex: 'command line option .* is valid for .* but not for C'
    Output line: 'cc1: warning: command line option ‘-Wsign-promo’ is valid for C++/ObjC++ but not for C'
Compilation failed:
    source file: '/home/js/ImageTrack/build/CMakeFiles/CMakeTmp/src.c'
    check option: ' -fsigned-char -W -Wall -Werror=return-type -Werror=non-virtual-dtor -Werror=address -Werror=sequence-point -Wformat -Werror=format-security -Wmissing-declarations -Wmissing-prototypes -Wstrict-prototypes -Wundef -Winit-self -Wpointer-arith -Wshadow  -Wsign-promo'
===== BUILD LOG =====
Change Dir: /home/js/ImageTrack/build/CMakeFiles/CMakeTmp

Run Build Command:"/usr/bin/make" "cmTC_bc928/fast"
/usr/bin/make -f CMakeFiles/cmTC_bc928.dir/build.make CMakeFiles/cmTC_bc928.dir/build
make[1]: Entering directory '/home/js/ImageTrack/build/CMakeFiles/CMakeTmp'
Building C object CMakeFiles/cmTC_bc928.dir/src.c.o
/usr/bin/cc    -O3 -DNDEBUG   -fsigned-char -W -Wall -Werror=return-type -Werror=non-virtual-dtor -Werror=address -Werror=sequence-point -Wformat -Werror=format-security -Wmissing-declarations -Wmissing-prototypes -Wstrict-prototypes -Wundef -Winit-self -Wpointer-arith -Wshadow -Wsign-promo -o CMakeFiles/cmTC_bc928.dir/src.c.o   -c /home/js/ImageTrack/build/CMakeFiles/CMakeTmp/src.c
cc1: warning: command line option ‘-Wsign-promo’ is valid for C++/ObjC++ but not for C
/home/js/ImageTrack/build/CMakeFiles/CMakeTmp/src.c:1:0: warning: ignoring #pragma   [-Wunknown-pragmas]
 #pragma
 ^
Linking C executable cmTC_bc928
/usr/bin/cmake -E cmake_link_script CMakeFiles/cmTC_bc928.dir/link.txt --verbose=1
/usr/bin/cc    -O3 -DNDEBUG    CMakeFiles/cmTC_bc928.dir/src.c.o  -o cmTC_bc928 -rdynamic 
make[1]: Leaving directory '/home/js/ImageTrack/build/CMakeFiles/CMakeTmp'

===== END =====

Build output check failed:
    Regex: 'command line option .* is valid for .* but not for C'
    Output line: 'cc1: warning: command line option ‘-Wno-delete-non-virtual-dtor’ is valid for C++/ObjC++ but not for C'
Compilation failed:
    source file: '/home/js/ImageTrack/build/CMakeFiles/CMakeTmp/src.c'
    check option: ' -fsigned-char -W -Wall -Werror=return-type -Werror=non-virtual-dtor -Werror=address -Werror=sequence-point -Wformat -Werror=format-security -Wmissing-declarations -Wmissing-prototypes -Wstrict-prototypes -Wundef -Winit-self -Wpointer-arith -Wshadow -Wno-narrowing  -Wno-delete-non-virtual-dtor'
===== BUILD LOG =====
Change Dir: /home/js/ImageTrack/build/CMakeFiles/CMakeTmp

Run Build Command:"/usr/bin/make" "cmTC_2f1ae/fast"
/usr/bin/make -f CMakeFiles/cmTC_2f1ae.dir/build.make CMakeFiles/cmTC_2f1ae.dir/build
make[1]: Entering directory '/home/js/ImageTrack/build/CMakeFiles/CMakeTmp'
Building C object CMakeFiles/cmTC_2f1ae.dir/src.c.o
/usr/bin/cc    -O3 -DNDEBUG   -fsigned-char -W -Wall -Werror=return-type -Werror=non-virtual-dtor -Werror=address -Werror=sequence-point -Wformat -Werror=format-security -Wmissing-declarations -Wmissing-prototypes -Wstrict-prototypes -Wundef -Winit-self -Wpointer-arith -Wshadow -Wno-narrowing -Wno-delete-non-virtual-dtor -o CMakeFiles/cmTC_2f1ae.dir/src.c.o   -c /home/js/ImageTrack/build/CMakeFiles/CMakeTmp/src.c
cc1: warning: command line option ‘-Wno-delete-non-virtual-dtor’ is valid for C++/ObjC++ but not for C
/home/js/ImageTrack/build/CMakeFiles/CMakeTmp/src.c:1:0: warning: ignoring #pragma   [-Wunknown-pragmas]
 #pragma
 ^
Linking C executable cmTC_2f1ae
/usr/bin/cmake -E cmake_link_script CMakeFiles/cmTC_2f1ae.dir/link.txt --verbose=1
/usr/bin/cc    -O3 -DNDEBUG    CMakeFiles/cmTC_2f1ae.dir/src.c.o  -o cmTC_2f1ae -rdynamic 
make[1]: Leaving directory '/home/js/ImageTrack/build/CMakeFiles/CMakeTmp'

===== END =====

Build output check failed:
    Regex: 'unrecognized .*option'
    Output line: 'cc1plus: warning: unrecognized command line option ‘-Wno-unnamed-type-template-args’'
Compilation failed:
    source file: '/home/js/ImageTrack/build/CMakeFiles/CMakeTmp/src.cxx'
    check option: ' -fsigned-char -W -Wall -Werror=return-type -Werror=non-virtual-dtor -Werror=address -Werror=sequence-point -Wformat -Werror=format-security -Wmissing-declarations -Wundef -Winit-self -Wpointer-arith -Wshadow -Wsign-promo -Wno-narrowing -Wno-delete-non-virtual-dtor  -Wno-unnamed-type-template-args'
===== BUILD LOG =====
Change Dir: /home/js/ImageTrack/build/CMakeFiles/CMakeTmp

Run Build Command:"/usr/bin/make" "cmTC_73373/fast"
/usr/bin/make -f CMakeFiles/cmTC_73373.dir/build.make CMakeFiles/cmTC_73373.dir/build
make[1]: Entering directory '/home/js/ImageTrack/build/CMakeFiles/CMakeTmp'
Building CXX object CMakeFiles/cmTC_73373.dir/src.cxx.o
/usr/bin/c++     -O3 -DNDEBUG   -fsigned-char -W -Wall -Werror=return-type -Werror=non-virtual-dtor -Werror=address -Werror=sequence-point -Wformat -Werror=format-security -Wmissing-declarations -Wundef -Winit-self -Wpointer-arith -Wshadow -Wsign-promo -Wno-narrowing -Wno-delete-non-virtual-dtor -Wno-unnamed-type-template-args -o CMakeFiles/cmTC_73373.dir/src.cxx.o -c /home/js/ImageTrack/build/CMakeFiles/CMakeTmp/src.cxx
/home/js/ImageTrack/build/CMakeFiles/CMakeTmp/src.cxx:1:0: warning: ignoring #pragma   [-Wunknown-pragmas]
 #pragma
 ^
cc1plus: warning: unrecognized command line option ‘-Wno-unnamed-type-template-args’
Linking CXX executable cmTC_73373
/usr/bin/cmake -E cmake_link_script CMakeFiles/cmTC_73373.dir/link.txt --verbose=1
/usr/bin/c++     -O3 -DNDEBUG    CMakeFiles/cmTC_73373.dir/src.cxx.o  -o cmTC_73373 -rdynamic 
make[1]: Leaving directory '/home/js/ImageTrack/build/CMakeFiles/CMakeTmp'

===== END =====

Build output check failed:
    Regex: 'unrecognized .*option'
    Output line: 'cc1: warning: unrecognized command line option ‘-Wno-unnamed-type-template-args’'
Compilation failed:
    source file: '/home/js/ImageTrack/build/CMakeFiles/CMakeTmp/src.c'
    check option: ' -fsigned-char -W -Wall -Werror=return-type -Werror=non-virtual-dtor -Werror=address -Werror=sequence-point -Wformat -Werror=format-security -Wmissing-declarations -Wmissing-prototypes -Wstrict-prototypes -Wundef -Winit-self -Wpointer-arith -Wshadow -Wno-narrowing  -Wno-unnamed-type-template-args'
===== BUILD LOG =====
Change Dir: /home/js/ImageTrack/build/CMakeFiles/CMakeTmp

Run Build Command:"/usr/bin/make" "cmTC_19781/fast"
/usr/bin/make -f CMakeFiles/cmTC_19781.dir/build.make CMakeFiles/cmTC_19781.dir/build
make[1]: Entering directory '/home/js/ImageTrack/build/CMakeFiles/CMakeTmp'
Building C object CMakeFiles/cmTC_19781.dir/src.c.o
/usr/bin/cc    -O3 -DNDEBUG   -fsigned-char -W -Wall -Werror=return-type -Werror=non-virtual-dtor -Werror=address -Werror=sequence-point -Wformat -Werror=format-security -Wmissing-declarations -Wmissing-prototypes -Wstrict-prototypes -Wundef -Winit-self -Wpointer-arith -Wshadow -Wno-narrowing -Wno-unnamed-type-template-args -o CMakeFiles/cmTC_19781.dir/src.c.o   -c /home/js/ImageTrack/build/CMakeFiles/CMakeTmp/src.c
/home/js/ImageTrack/build/CMakeFiles/CMakeTmp/src.c:1:0: warning: ignoring #pragma   [-Wunknown-pragmas]
 #pragma
 ^
cc1: warning: unrecognized command line option ‘-Wno-unnamed-type-template-args’
Linking C executable cmTC_19781
/usr/bin/cmake -E cmake_link_script CMakeFiles/cmTC_19781.dir/link.txt --verbose=1
/usr/bin/cc    -O3 -DNDEBUG    CMakeFiles/cmTC_19781.dir/src.c.o  -o cmTC_19781 -rdynamic 
make[1]: Leaving directory '/home/js/ImageTrack/build/CMakeFiles/CMakeTmp'

===== END =====

Build output check failed:
    Regex: 'command line option .* is valid for .* but not for C'
    Output line: 'cc1: warning: command line option ‘-fvisibility-inlines-hidden’ is valid for C++/ObjC++ but not for C'
Compilation failed:
    source file: '/home/js/ImageTrack/build/CMakeFiles/CMakeTmp/src.c'
    check option: ' -fsigned-char -W -Wall -Werror=return-type -Werror=non-virtual-dtor -Werror=address -Werror=sequence-point -Wformat -Werror=format-security -Wmissing-declarations -Wmissing-prototypes -Wstrict-prototypes -Wundef -Winit-self -Wpointer-arith -Wshadow -Wno-narrowing -Wno-comment -fdiagnostics-show-option -Wno-long-long -pthread -fomit-frame-pointer -ffunction-sections  -msse -msse2 -msse3 -mssse3 -fvisibility=hidden  -fvisibility-inlines-hidden'
===== BUILD LOG =====
Change Dir: /home/js/ImageTrack/build/CMakeFiles/CMakeTmp

Run Build Command:"/usr/bin/make" "cmTC_61dff/fast"
/usr/bin/make -f CMakeFiles/cmTC_61dff.dir/build.make CMakeFiles/cmTC_61dff.dir/build
make[1]: Entering directory '/home/js/ImageTrack/build/CMakeFiles/CMakeTmp'
Building C object CMakeFiles/cmTC_61dff.dir/src.c.o
/usr/bin/cc    -O3 -DNDEBUG   -fsigned-char -W -Wall -Werror=return-type -Werror=non-virtual-dtor -Werror=address -Werror=sequence-point -Wformat -Werror=format-security -Wmissing-declarations -Wmissing-prototypes -Wstrict-prototypes -Wundef -Winit-self -Wpointer-arith -Wshadow -Wno-narrowing -Wno-comment -fdiagnostics-show-option -Wno-long-long -pthread -fomit-frame-pointer -ffunction-sections -msse -msse2 -msse3 -mssse3 -fvisibility=hidden -fvisibility-inlines-hidden -o CMakeFiles/cmTC_61dff.dir/src.c.o   -c /home/js/ImageTrack/build/CMakeFiles/CMakeTmp/src.c
cc1: warning: command line option ‘-fvisibility-inlines-hidden’ is valid for C++/ObjC++ but not for C
/home/js/ImageTrack/build/CMakeFiles/CMakeTmp/src.c:1:0: warning: ignoring #pragma   [-Wunknown-pragmas]
 #pragma
 ^
Linking C executable cmTC_61dff
/usr/bin/cmake -E cmake_link_script CMakeFiles/cmTC_61dff.dir/link.txt --verbose=1
/usr/bin/cc    -O3 -DNDEBUG    CMakeFiles/cmTC_61dff.dir/src.c.o  -o cmTC_61dff -rdynamic 
make[1]: Leaving directory '/home/js/ImageTrack/build/CMakeFiles/CMakeTmp'

===== END =====

Determining if the system is big endian passed with the following output:
Change Dir: /home/js/ImageTrack/build/CMakeFiles/CMakeTmp

Run Build Command:"/usr/bin/make" "cmTC_b1c79/fast"
/usr/bin/make -f CMakeFiles/cmTC_b1c79.dir/build.make CMakeFiles/cmTC_b1c79.dir/build
make[1]: Entering directory '/home/js/ImageTrack/build/CMakeFiles/CMakeTmp'
Building C object CMakeFiles/cmTC_b1c79.dir/TestEndianess.c.o
/usr/bin/cc    -fsigned-char -W -Wall -Werror=return-type -Werror=non-virtual-dtor -Werror=address -Werror=sequence-point -Wformat -Werror=format-security -Wmissing-declarations -Wmissing-prototypes -Wstrict-prototypes -Wundef -Winit-self -Wpointer-arith -Wshadow -Wno-narrowing -Wno-comment -fdiagnostics-show-option -Wno-long-long -pthread -fomit-frame-pointer -ffunction-sections  -msse -msse2 -msse3 -mssse3 -fvisibility=hidden  -O3 -DNDEBUG   -o CMakeFiles/cmTC_b1c79.dir/TestEndianess.c.o   -c /home/js/ImageTrack/build/CMakeFiles/CMakeTmp/TestEndianess.c
Linking C executable cmTC_b1c79
/usr/bin/cmake -E cmake_link_script CMakeFiles/cmTC_b1c79.dir/link.txt --verbose=1
/usr/bin/cc     -fsigned-char -W -Wall -Werror=return-type -Werror=non-virtual-dtor -Werror=address -Werror=sequence-point -Wformat -Werror=format-security -Wmissing-declarations -Wmissing-prototypes -Wstrict-prototypes -Wundef -Winit-self -Wpointer-arith -Wshadow -Wno-narrowing -Wno-comment -fdiagnostics-show-option -Wno-long-long -pthread -fomit-frame-pointer -ffunction-sections  -msse -msse2 -msse3 -mssse3 -fvisibility=hidden  -O3 -DNDEBUG    CMakeFiles/cmTC_b1c79.dir/TestEndianess.c.o  -o cmTC_b1c79 -rdynamic 
make[1]: Leaving directory '/home/js/ImageTrack/build/CMakeFiles/CMakeTmp'

TestEndianess.c:
/* A 16 bit integer is required. */
typedef unsigned short cmakeint16;

/* On a little endian machine, these 16bit ints will give "THIS IS LITTLE ENDIAN."
   On a big endian machine the characters will be exchanged pairwise. */
const cmakeint16 info_little[] =  {0x4854, 0x5349, 0x4920, 0x2053, 0x494c, 0x5454, 0x454c, 0x4520, 0x444e, 0x4149, 0x2e4e, 0x0000};

/* on a big endian machine, these 16bit ints will give "THIS IS BIG ENDIAN."
   On a little endian machine the characters will be exchanged pairwise. */
const cmakeint16 info_big[] =     {0x5448, 0x4953, 0x2049, 0x5320, 0x4249, 0x4720, 0x454e, 0x4449, 0x414e, 0x2e2e, 0x0000};

#ifdef __CLASSIC_C__
int main(argc, argv) int argc; char *argv[];
#else
int main(int argc, char *argv[])
#endif
{
  int require = 0;
  require += info_little[argc];
  require += info_big[argc];
  (void)argv;
  return require;
}


Determining if the include file linux/videodev.h exists failed with the following output:
Change Dir: /home/js/ImageTrack/build/CMakeFiles/CMakeTmp

Run Build Command:"/usr/bin/make" "cmTC_e00b1/fast"
/usr/bin/make -f CMakeFiles/cmTC_e00b1.dir/build.make CMakeFiles/cmTC_e00b1.dir/build
make[1]: Entering directory '/home/js/ImageTrack/build/CMakeFiles/CMakeTmp'
Building C object CMakeFiles/cmTC_e00b1.dir/CheckIncludeFile.c.o
/usr/bin/cc    -fsigned-char -W -Wall -Werror=return-type -Werror=non-virtual-dtor -Werror=address -Werror=sequence-point -Wformat -Werror=format-security -Wmissing-declarations -Wmissing-prototypes -Wstrict-prototypes -Wundef -Winit-self -Wpointer-arith -Wshadow -Wno-narrowing -Wno-comment -fdiagnostics-show-option -Wno-long-long -pthread -fomit-frame-pointer -ffunction-sections  -msse -msse2 -msse3 -mssse3 -fvisibility=hidden  -O3 -DNDEBUG   -o CMakeFiles/cmTC_e00b1.dir/CheckIncludeFile.c.o   -c /home/js/ImageTrack/build/CMakeFiles/CMakeTmp/CheckIncludeFile.c
/home/js/ImageTrack/build/CMakeFiles/CMakeTmp/CheckIncludeFile.c:1:28: fatal error: linux/videodev.h: No such file or directory
compilation terminated.
CMakeFiles/cmTC_e00b1.dir/build.make:65: recipe for target 'CMakeFiles/cmTC_e00b1.dir/CheckIncludeFile.c.o' failed
make[1]: *** [CMakeFiles/cmTC_e00b1.dir/CheckIncludeFile.c.o] Error 1
make[1]: Leaving directory '/home/js/ImageTrack/build/CMakeFiles/CMakeTmp'
Makefile:126: recipe for target 'cmTC_e00b1/fast' failed
make: *** [cmTC_e00b1/fast] Error 2


Determining if the include file sys/videoio.h exists failed with the following output:
Change Dir: /home/js/ImageTrack/build/CMakeFiles/CMakeTmp

Run Build Command:"/usr/bin/make" "cmTC_e1687/fast"
/usr/bin/make -f CMakeFiles/cmTC_e1687.dir/build.make CMakeFiles/cmTC_e1687.dir/build
make[1]: Entering directory '/home/js/ImageTrack/build/CMakeFiles/CMakeTmp'
Building C object CMakeFiles/cmTC_e1687.dir/CheckIncludeFile.c.o
/usr/bin/cc    -fsigned-char -W -Wall -Werror=return-type -Werror=non-virtual-dtor -Werror=address -Werror=sequence-point -Wformat -Werror=format-security -Wmissing-declarations -Wmissing-prototypes -Wstrict-prototypes -Wundef -Winit-self -Wpointer-arith -Wshadow -Wno-narrowing -Wno-comment -fdiagnostics-show-option -Wno-long-long -pthread -fomit-frame-pointer -ffunction-sections  -msse -msse2 -msse3 -mssse3 -fvisibility=hidden  -O3 -DNDEBUG   -o CMakeFiles/cmTC_e1687.dir/CheckIncludeFile.c.o   -c /home/js/ImageTrack/build/CMakeFiles/CMakeTmp/CheckIncludeFile.c
/home/js/ImageTrack/build/CMakeFiles/CMakeTmp/CheckIncludeFile.c:1:25: fatal error: sys/videoio.h: No such file or directory
compilation terminated.
CMakeFiles/cmTC_e1687.dir/build.make:65: recipe for target 'CMakeFiles/cmTC_e1687.dir/CheckIncludeFile.c.o' failed
make[1]: *** [CMakeFiles/cmTC_e1687.dir/CheckIncludeFile.c.o] Error 1
make[1]: Leaving directory '/home/js/ImageTrack/build/CMakeFiles/CMakeTmp'
Makefile:126: recipe for target 'cmTC_e1687/fast' failed
make: *** [cmTC_e1687/fast] Error 2


